Arguments: 
  C:\Program Files\nodejs\node.exe C:\Users\geu_p\AppData\Roaming\npm\node_modules\yarn\bin\yarn.js add @skynexui/components

PATH: 
  C:\Users\geu_p\bin;C:\Program Files\Git\mingw64\bin;C:\Program Files\Git\usr\local\bin;C:\Program Files\Git\usr\bin;C:\Program Files\Git\usr\bin;C:\Program Files\Git\mingw64\bin;C:\Program Files\Git\usr\bin;C:\Users\geu_p\bin;C:\Program Files (x86)\Common Files\Oracle\Java\javapath;C:\Program Files\Common Files\Oracle\Java\javapath;C:\Windows\system32;C:\Windows;C:\Windows\System32\Wbem;C:\Windows\System32\WindowsPowerShell\v1.0;C:\Windows\System32\OpenSSH;C:\Program Files\nodejs;C:\Program Files\Git\cmd;C:\Program Files\Docker\Docker\resources\bin;C:\ProgramData\DockerDesktop\version-bin;C:\Program Files\MySQL\MySQL Shell 8.0\bin;C:\Users\geu_p\AppData\Local\Microsoft\WindowsApps;C:\Users\geu_p\AppData\Local\Programs\Microsoft VS Code\bin;C:\Users\geu_p\AppData\Roaming\npm;C:\Program Files\JetBrains\IntelliJ IDEA Community Edition 2021.2.1\bin;C:\Program Files\heroku\bin;C:\Users\Administrator\Ubuntu;C:\Program Files\Git\usr\bin\vendor_perl;C:\Program Files\Git\usr\bin\core_perl

Yarn version: 
  1.22.17

Node version: 
  14.17.6

Platform: 
  win32 x64

Trace: 
  Error: 13508:error:1408F119:SSL routines:ssl3_get_record:decryption failed or bad record mac:c:\ws\deps\openssl\openssl\ssl\record\ssl3_record.c:677:

npm manifest: 
  {
    "name": "aluracord",
    "version": "1.0.0",
    "main": "index.js",
    "license": "MIT",
    "dependencies": {
      "next": "^12.0.8",
      "react": "^17.0.2",
      "react-dom": "^17.0.2"
    },
    "scripts": {
      "dev": "next dev",
      "build": "next build",
      "start": "next start",
      "lint": "next lint"
    }
  }

yarn manifest: 
  No manifest

Lockfile: 
  No lockfile
